mode: set
github.com/luck02/dibbler/repo/BidRepository.go:26.63,30.2 3 1
github.com/luck02/dibbler/repo/BidRepository.go:33.89,36.2 1 0
github.com/luck02/dibbler/repo/BidRepository.go:38.72,43.16 4 1
github.com/luck02/dibbler/repo/BidRepository.go:47.2,48.16 2 1
github.com/luck02/dibbler/repo/BidRepository.go:52.2,55.41 3 1
github.com/luck02/dibbler/repo/BidRepository.go:64.2,64.23 1 1
github.com/luck02/dibbler/repo/BidRepository.go:43.16,45.3 1 0
github.com/luck02/dibbler/repo/BidRepository.go:48.16,50.3 1 0
github.com/luck02/dibbler/repo/BidRepository.go:55.41,58.17 3 1
github.com/luck02/dibbler/repo/BidRepository.go:61.3,61.26 1 1
github.com/luck02/dibbler/repo/BidRepository.go:58.17,60.4 1 0
github.com/luck02/dibbler/repo/BidRepository.go:67.75,72.16 4 1
github.com/luck02/dibbler/repo/BidRepository.go:76.2,78.16 3 1
github.com/luck02/dibbler/repo/BidRepository.go:82.2,83.16 2 1
github.com/luck02/dibbler/repo/BidRepository.go:86.2,88.12 2 1
github.com/luck02/dibbler/repo/BidRepository.go:72.16,74.3 1 0
github.com/luck02/dibbler/repo/BidRepository.go:78.16,80.3 1 0
github.com/luck02/dibbler/repo/BidRepository.go:83.16,85.3 1 0
github.com/luck02/dibbler/repo/BidRepository.go:91.77,104.16 11 1
github.com/luck02/dibbler/repo/BidRepository.go:108.2,109.16 2 1
github.com/luck02/dibbler/repo/BidRepository.go:112.2,113.16 2 1
github.com/luck02/dibbler/repo/BidRepository.go:116.2,119.16 3 1
github.com/luck02/dibbler/repo/BidRepository.go:122.2,122.22 1 1
github.com/luck02/dibbler/repo/BidRepository.go:104.16,106.3 1 0
github.com/luck02/dibbler/repo/BidRepository.go:109.16,111.3 1 0
github.com/luck02/dibbler/repo/BidRepository.go:113.16,115.3 1 0
github.com/luck02/dibbler/repo/BidRepository.go:119.16,121.3 1 0
github.com/luck02/dibbler/repo/BidRepository.go:125.76,126.20 1 1
github.com/luck02/dibbler/repo/BidRepository.go:161.2,161.77 1 0
github.com/luck02/dibbler/repo/BidRepository.go:127.2,131.17 4 1
github.com/luck02/dibbler/repo/BidRepository.go:134.3,134.23 1 1
github.com/luck02/dibbler/repo/BidRepository.go:135.2,139.17 4 1
github.com/luck02/dibbler/repo/BidRepository.go:142.3,142.30 1 1
github.com/luck02/dibbler/repo/BidRepository.go:143.2,147.17 4 1
github.com/luck02/dibbler/repo/BidRepository.go:150.3,150.28 1 1
github.com/luck02/dibbler/repo/BidRepository.go:151.2,155.17 4 1
github.com/luck02/dibbler/repo/BidRepository.go:158.3,158.23 1 1
github.com/luck02/dibbler/repo/BidRepository.go:131.17,133.4 1 0
github.com/luck02/dibbler/repo/BidRepository.go:139.17,141.4 1 0
github.com/luck02/dibbler/repo/BidRepository.go:147.17,149.4 1 0
github.com/luck02/dibbler/repo/BidRepository.go:155.17,157.4 1 0
github.com/luck02/dibbler/repo/BidRepository.go:164.41,168.36 1 1
github.com/luck02/dibbler/repo/BidRepository.go:168.36,170.18 2 1
github.com/luck02/dibbler/repo/BidRepository.go:173.4,173.17 1 1
github.com/luck02/dibbler/repo/BidRepository.go:170.18,172.5 1 0
github.com/luck02/dibbler/repo/BidRepository.go:175.55,178.4 2 1
github.com/luck02/dibbler/repo/FakeBidRepo.go:12.88,14.32 2 0
github.com/luck02/dibbler/repo/FakeBidRepo.go:17.2,17.42 1 0
github.com/luck02/dibbler/repo/FakeBidRepo.go:14.32,16.3 1 0
github.com/luck02/dibbler/repo/FakeBidRepo.go:20.71,22.2 1 0
